0 info it worked if it ends with ok
1 verbose cli [ '/usr/bin/node',
1 verbose cli   '/usr/bin/npm',
1 verbose cli   'install',
1 verbose cli   '-',
1 verbose cli   'create-react-app' ]
2 info using npm@3.5.2
3 info using node@v8.10.0
4 silly loadCurrentTree Starting
5 silly install loadCurrentTree
6 silly install readLocalPackageData
7 silly fetchPackageMetaData -
8 silly fetchPackageMetaData create-react-app
9 silly fetchOtherPackageData -
10 silly cache add args [ '-', null ]
11 verbose cache add spec -
12 silly fetchNamedPackageData create-react-app
13 silly mapToRegistry name create-react-app
14 silly mapToRegistry using default registry
15 silly mapToRegistry registry https://registry.npmjs.org/
16 silly mapToRegistry uri https://registry.npmjs.org/create-react-app
17 silly cache add parsed spec Result {
17 silly cache add   raw: '-',
17 silly cache add   scope: null,
17 silly cache add   name: null,
17 silly cache add   rawSpec: '-',
17 silly cache add   spec: '/home/jack/Documents/Misc./counter/visits/-',
17 silly cache add   type: 'local' }
18 verbose request uri https://registry.npmjs.org/create-react-app
19 verbose request no auth needed
20 info attempt registry request try #1 at 12:29:56
21 verbose request id f32a0a164ad0f482
22 http request GET https://registry.npmjs.org/create-react-app
23 error addLocal Could not install /home/jack/Documents/Misc./counter/visits/-
24 silly fetchPackageMetaData Error: ENOENT: no such file or directory, open '/home/jack/Documents/Misc./counter/visits/-'
24 silly fetchPackageMetaData  error for - { Error: ENOENT: no such file or directory, open '/home/jack/Documents/Misc./counter/visits/-'
24 silly fetchPackageMetaData   errno: -2,
24 silly fetchPackageMetaData   code: 'ENOENT',
24 silly fetchPackageMetaData   syscall: 'open',
24 silly fetchPackageMetaData   path: '/home/jack/Documents/Misc./counter/visits/-' }
25 http 200 https://registry.npmjs.org/create-react-app
26 verbose headers { date: 'Mon, 04 Mar 2019 12:29:56 GMT',
26 verbose headers   'content-type': 'application/json',
26 verbose headers   'transfer-encoding': 'chunked',
26 verbose headers   connection: 'keep-alive',
26 verbose headers   'set-cookie':
26 verbose headers    [ '__cfduid=d7d775eba5c97b88a6f2be937749514641551702596; expires=Tue, 03-Mar-20 12:29:56 GMT; path=/; domain=.registry.npmjs.org; HttpOnly' ],
26 verbose headers   'cf-cache-status': 'HIT',
26 verbose headers   'cache-control': 'max-age=300',
26 verbose headers   'cf-ray': '4b23dbcc3bd7bc2c-LHR',
26 verbose headers   etag: 'W/"dd045406117ee6152ea2f8abaea45864"',
26 verbose headers   'expect-ct': 'max-age=604800, report-uri="https://report-uri.cloudflare.com/cdn-cgi/beacon/expect-ct"',
26 verbose headers   'last-modified': 'Fri, 01 Mar 2019 19:31:16 GMT',
26 verbose headers   vary: 'accept-encoding, accept',
26 verbose headers   'x-amz-meta-rev': '257-b9bc51faeca59ee1456f0171f8550945',
26 verbose headers   server: 'cloudflare',
26 verbose headers   'content-encoding': 'gzip' }
27 silly get cb [ 200,
27 silly get   { date: 'Mon, 04 Mar 2019 12:29:56 GMT',
27 silly get     'content-type': 'application/json',
27 silly get     'transfer-encoding': 'chunked',
27 silly get     connection: 'keep-alive',
27 silly get     'set-cookie':
27 silly get      [ '__cfduid=d7d775eba5c97b88a6f2be937749514641551702596; expires=Tue, 03-Mar-20 12:29:56 GMT; path=/; domain=.registry.npmjs.org; HttpOnly' ],
27 silly get     'cf-cache-status': 'HIT',
27 silly get     'cache-control': 'max-age=300',
27 silly get     'cf-ray': '4b23dbcc3bd7bc2c-LHR',
27 silly get     etag: 'W/"dd045406117ee6152ea2f8abaea45864"',
27 silly get     'expect-ct': 'max-age=604800, report-uri="https://report-uri.cloudflare.com/cdn-cgi/beacon/expect-ct"',
27 silly get     'last-modified': 'Fri, 01 Mar 2019 19:31:16 GMT',
27 silly get     vary: 'accept-encoding, accept',
27 silly get     'x-amz-meta-rev': '257-b9bc51faeca59ee1456f0171f8550945',
27 silly get     server: 'cloudflare',
27 silly get     'content-encoding': 'gzip' } ]
28 verbose get saving create-react-app to /home/jack/.npm/registry.npmjs.org/create-react-app/.cache.json
29 silly rollbackFailedOptional Starting
30 silly rollbackFailedOptional Finishing
31 silly runTopLevelLifecycles Starting
32 silly runTopLevelLifecycles Finishing
33 silly install printInstalled
34 verbose stack Error: ENOENT: no such file or directory, open '/home/jack/Documents/Misc./counter/visits/-'
35 verbose cwd /home/jack/Documents/Misc./counter/visits
36 error Linux 4.15.0-20-generic
37 error argv "/usr/bin/node" "/usr/bin/npm" "install" "-" "create-react-app"
38 error node v8.10.0
39 error npm  v3.5.2
40 error path /home/jack/Documents/Misc./counter/visits/-
41 error code ENOENT
42 error errno -2
43 error syscall open
44 error enoent ENOENT: no such file or directory, open '/home/jack/Documents/Misc./counter/visits/-'
45 error enoent ENOENT: no such file or directory, open '/home/jack/Documents/Misc./counter/visits/-'
45 error enoent This is most likely not a problem with npm itself
45 error enoent and is related to npm not being able to find a file.
46 verbose exit [ -2, true ]
